{
  "RSpec": {
    "coverage": {
      "/Users/mirandawilson/Makers/week10/bank_tech_test/lib/statement.rb": {
        "lines": [
          null,
          null,
          1,
          null,
          null,
          1,
          1,
          null,
          1,
          11,
          null,
          null,
          1,
          4,
          null,
          null,
          1,
          4,
          null,
          null,
          1,
          3,
          3,
          5,
          null,
          3,
          null,
          3,
          null,
          null,
          1,
          5,
          5,
          5,
          null,
          5,
          5,
          null,
          5,
          null,
          null,
          1,
          null,
          1,
          null
        ]
      },
      "/Users/mirandawilson/Makers/week10/bank_tech_test/lib/transaction.rb": {
        "lines": [
          null,
          null,
          null,
          1,
          1,
          null,
          1,
          1,
          null,
          1,
          32,
          32,
          32,
          32,
          32,
          null,
          null,
          1,
          83,
          null,
          2,
          null,
          null,
          1,
          3,
          null,
          null,
          1,
          46,
          9,
          null,
          37,
          null,
          null,
          null,
          1,
          80,
          null,
          null,
          1,
          67,
          null,
          null,
          1,
          29,
          null,
          null,
          1,
          36,
          31,
          30,
          29,
          null,
          null,
          1,
          null,
          1,
          136,
          null,
          null,
          1,
          29,
          null,
          null,
          null,
          null,
          null,
          null,
          null,
          null,
          null,
          null,
          null,
          null,
          null
        ]
      },
      "/Users/mirandawilson/Makers/week10/bank_tech_test/spec/bank_account_spec.rb": {
        "lines": [
          null,
          null,
          1,
          null,
          1,
          9,
          null,
          1,
          1,
          3,
          3,
          3,
          3,
          3,
          null,
          null,
          1,
          4,
          null,
          null,
          1,
          1,
          4,
          null,
          null,
          1,
          1,
          2,
          null,
          null,
          null,
          1,
          1,
          3,
          3,
          3,
          3,
          3,
          null,
          null,
          1,
          1,
          2,
          2,
          null,
          null,
          null,
          1,
          1,
          4,
          null,
          null,
          1,
          1,
          2,
          null,
          null,
          null,
          1,
          1,
          2,
          2,
          2,
          null,
          null,
          1,
          2,
          null,
          null,
          1,
          1,
          2,
          null,
          null,
          null
        ]
      },
      "/Users/mirandawilson/Makers/week10/bank_tech_test/lib/bank_account.rb": {
        "lines": [
          null,
          null,
          1,
          1,
          null,
          null,
          1,
          1,
          null,
          1,
          11,
          11,
          null,
          null,
          1,
          6,
          6,
          6,
          null,
          null,
          1,
          7,
          7,
          7,
          null,
          null,
          1,
          4,
          null,
          null,
          1,
          null,
          1,
          3,
          null,
          null,
          1,
          4,
          null,
          null,
          1,
          2,
          null,
          null
        ]
      },
      "/Users/mirandawilson/Makers/week10/bank_tech_test/spec/features/using_bank_account_spec.rb": {
        "lines": [
          null,
          null,
          1,
          null,
          1,
          4,
          null,
          1,
          1,
          1,
          1,
          1,
          1,
          1,
          1,
          null,
          null,
          null,
          null,
          2,
          null,
          null,
          1,
          2,
          null,
          null,
          1,
          1,
          1,
          1,
          2,
          null,
          0,
          null,
          null,
          null,
          null,
          0,
          null,
          null
        ]
      },
      "/Users/mirandawilson/Makers/week10/bank_tech_test/spec/statement_spec.rb": {
        "lines": [
          null,
          null,
          1,
          null,
          1,
          9,
          1,
          9,
          9,
          9,
          9,
          9,
          null,
          null,
          1,
          1,
          1,
          1,
          1,
          null,
          null,
          1,
          1,
          1,
          1,
          null,
          null,
          1,
          1,
          1,
          1,
          1,
          null,
          null,
          null,
          1,
          1,
          2,
          null,
          null,
          1,
          1,
          1,
          null,
          null,
          1,
          1,
          1,
          null,
          null,
          null,
          1,
          1,
          1,
          null,
          null,
          1,
          1,
          1,
          null,
          null,
          null,
          1,
          1,
          1,
          1,
          null,
          null,
          1,
          1,
          1,
          null,
          1,
          1,
          1,
          null,
          null,
          null
        ]
      },
      "/Users/mirandawilson/Makers/week10/bank_tech_test/spec/transaction_spec.rb": {
        "lines": [
          null,
          null,
          1,
          null,
          1,
          24,
          null,
          1,
          1,
          1,
          null,
          null,
          1,
          1,
          1,
          1,
          null,
          null,
          1,
          1,
          1,
          null,
          null,
          1,
          1,
          1,
          1,
          null,
          null,
          null,
          1,
          1,
          4,
          4,
          4,
          null,
          null,
          1,
          1,
          1,
          null,
          null,
          1,
          1,
          1,
          null,
          null,
          1,
          1,
          1,
          null,
          null,
          null,
          1,
          1,
          1,
          1,
          1,
          null,
          null,
          null,
          null,
          1,
          1,
          1,
          1,
          null,
          null,
          1,
          1,
          1,
          null,
          null,
          1,
          1,
          1,
          1,
          null,
          null,
          1,
          1,
          1,
          null,
          null,
          null,
          1,
          1,
          1,
          null,
          null,
          1,
          1,
          null,
          null,
          1,
          1,
          null,
          null,
          1,
          1,
          null,
          null,
          null,
          1,
          1,
          3,
          3,
          null,
          null,
          1,
          1,
          null,
          null,
          1,
          1,
          null,
          null,
          1,
          1,
          null,
          null,
          null,
          1,
          1,
          1,
          null,
          null,
          1,
          1,
          null,
          null,
          1,
          1,
          1,
          null,
          null,
          null,
          1,
          1,
          1,
          null,
          null,
          null,
          1,
          1,
          1,
          null,
          null,
          null,
          null,
          null,
          null,
          null,
          null,
          null,
          null,
          null,
          null,
          null,
          null
        ]
      }
    },
    "timestamp": 1615475048
  }
}
