{
  "RSpec": {
    "coverage": {
      "/Users/mirandawilson/Makers/week10/bank_tech_test/lib/statement.rb": {
        "lines": [
          null,
          null,
          1,
          null,
          null,
          1,
          1,
          null,
          1,
          12,
          null,
          null,
          1,
          5,
          null,
          null,
          1,
          5,
          null,
          null,
          1,
          4,
          4,
          9,
          null,
          7,
          null,
          4,
          null,
          null,
          1,
          9,
          9,
          9,
          5,
          5,
          null,
          4,
          4,
          null,
          null,
          null,
          1,
          null,
          1,
          null
        ]
      },
      "/Users/mirandawilson/Makers/week10/bank_tech_test/lib/transaction.rb": {
        "lines": [
          null,
          null,
          null,
          1,
          1,
          null,
          1,
          1,
          null,
          1,
          30,
          30,
          30,
          30,
          30,
          null,
          null,
          null,
          1,
          49,
          16,
          null,
          33,
          null,
          null,
          null,
          1,
          80,
          23,
          null,
          57,
          null,
          null,
          null,
          1,
          78,
          null,
          null,
          1,
          74,
          null,
          null,
          1,
          34,
          33,
          32,
          null,
          28,
          null,
          null,
          1,
          null,
          1,
          202,
          null,
          null,
          1,
          46,
          null,
          null,
          1,
          76,
          null,
          0,
          null,
          null,
          1,
          1,
          null,
          null
        ]
      },
      "/Users/mirandawilson/Makers/week10/bank_tech_test/spec/bank_account_spec.rb": {
        "lines": [
          null,
          null,
          1,
          null,
          1,
          9,
          null,
          1,
          1,
          3,
          3,
          3,
          3,
          3,
          null,
          null,
          1,
          4,
          null,
          null,
          1,
          1,
          4,
          null,
          null,
          1,
          1,
          2,
          null,
          null,
          null,
          1,
          1,
          3,
          3,
          3,
          3,
          3,
          null,
          null,
          1,
          1,
          2,
          2,
          null,
          null,
          null,
          1,
          1,
          4,
          null,
          null,
          1,
          1,
          2,
          null,
          null,
          null,
          1,
          1,
          2,
          2,
          2,
          null,
          null,
          1,
          2,
          null,
          null,
          1,
          1,
          2,
          null,
          null,
          null
        ]
      },
      "/Users/mirandawilson/Makers/week10/bank_tech_test/lib/bank_account.rb": {
        "lines": [
          null,
          null,
          1,
          1,
          null,
          null,
          1,
          1,
          null,
          1,
          12,
          12,
          null,
          null,
          1,
          6,
          6,
          null,
          null,
          1,
          8,
          8,
          null,
          null,
          1,
          5,
          null,
          null,
          1,
          null,
          1,
          8,
          null,
          null,
          1,
          3,
          null,
          null,
          1,
          14,
          14,
          null,
          null,
          1,
          14,
          null,
          null,
          1,
          14,
          null,
          0,
          null,
          null,
          1,
          14,
          null,
          null,
          null,
          null
        ]
      },
      "/Users/mirandawilson/Makers/week10/bank_tech_test/spec/features/using_bank_account_spec.rb": {
        "lines": [
          null,
          null,
          1,
          null,
          1,
          5,
          null,
          1,
          1,
          1,
          1,
          1,
          1,
          1,
          1,
          null,
          null,
          null,
          null,
          2,
          null,
          null,
          1,
          2,
          null,
          null,
          1,
          2,
          null,
          null,
          1,
          1,
          1,
          1,
          2,
          null,
          1,
          null,
          null,
          null,
          null,
          2,
          null,
          null
        ]
      },
      "/Users/mirandawilson/Makers/week10/bank_tech_test/spec/statement_spec.rb": {
        "lines": [
          null,
          null,
          1,
          null,
          1,
          9,
          1,
          9,
          9,
          9,
          9,
          9,
          null,
          null,
          1,
          1,
          1,
          1,
          null,
          null,
          1,
          1,
          1,
          1,
          1,
          null,
          null,
          1,
          1,
          1,
          1,
          1,
          null,
          null,
          null,
          1,
          1,
          2,
          null,
          null,
          1,
          1,
          1,
          null,
          null,
          1,
          1,
          1,
          null,
          null,
          null,
          1,
          1,
          1,
          null,
          null,
          1,
          1,
          1,
          null,
          null,
          null,
          1,
          1,
          1,
          1,
          null,
          null,
          1,
          1,
          1,
          null,
          1,
          1,
          1,
          null,
          null,
          null
        ]
      },
      "/Users/mirandawilson/Makers/week10/bank_tech_test/spec/transaction_spec.rb": {
        "lines": [
          null,
          null,
          1,
          null,
          1,
          21,
          null,
          1,
          1,
          1,
          null,
          null,
          1,
          1,
          1,
          1,
          null,
          null,
          1,
          1,
          1,
          null,
          null,
          1,
          1,
          1,
          1,
          null,
          null,
          null,
          1,
          1,
          4,
          4,
          4,
          null,
          null,
          1,
          1,
          1,
          null,
          null,
          1,
          1,
          1,
          null,
          null,
          1,
          1,
          1,
          null,
          null,
          null,
          1,
          1,
          1,
          1,
          1,
          null,
          null,
          null,
          null,
          1,
          1,
          4,
          4,
          4,
          null,
          null,
          1,
          1,
          1,
          null,
          null,
          1,
          1,
          1,
          null,
          null,
          1,
          1,
          1,
          1,
          null,
          null,
          1,
          1,
          1,
          null,
          null,
          null,
          1,
          1,
          5,
          5,
          null,
          null,
          1,
          1,
          null,
          null,
          1,
          1,
          2,
          null,
          null,
          1,
          1,
          null,
          null,
          1,
          1,
          null,
          null,
          null,
          1,
          1,
          2,
          null,
          null,
          1,
          1,
          null,
          null,
          1,
          1,
          null,
          null,
          null,
          null,
          1,
          1,
          1,
          null,
          null,
          1,
          1,
          null,
          null,
          1,
          1,
          1,
          null,
          null,
          null,
          1,
          1,
          1,
          null,
          null,
          null
        ]
      }
    },
    "timestamp": 1615488387
  }
}
